Determining if the pthread_create exist failed with the following output:
Change Dir: /home/ubuntu/catkin_ws/src/zed-ros-wrapper/build/CMakeFiles/CMakeTmp

Run Build Command:/usr/bin/make "cmTryCompileExec3438221970/fast"
/usr/bin/make -f CMakeFiles/cmTryCompileExec3438221970.dir/build.make CMakeFiles/cmTryCompileExec3438221970.dir/build
make[1]: Entering directory `/home/ubuntu/catkin_ws/src/zed-ros-wrapper/build/CMakeFiles/CMakeTmp'
/usr/bin/cmake -E cmake_progress_report /home/ubuntu/catkin_ws/src/zed-ros-wrapper/build/CMakeFiles/CMakeTmp/CMakeFiles 1
Building C object CMakeFiles/cmTryCompileExec3438221970.dir/CheckSymbolExists.c.o
/usr/bin/cc    -o CMakeFiles/cmTryCompileExec3438221970.dir/CheckSymbolExists.c.o   -c /home/ubuntu/catkin_ws/src/zed-ros-wrapper/build/CMakeFiles/CMakeTmp/CheckSymbolExists.c
Linking C executable cmTryCompileExec3438221970
/usr/bin/cmake -E cmake_link_script CMakeFiles/cmTryCompileExec3438221970.dir/link.txt --verbose=1
/usr/bin/cc        CMakeFiles/cmTryCompileExec3438221970.dir/CheckSymbolExists.c.o  -o cmTryCompileExec3438221970 -rdynamic 
CMakeFiles/cmTryCompileExec3438221970.dir/CheckSymbolExists.c.o: In function `main':
CheckSymbolExists.c:(.text+0xe): undefined reference to `pthread_create'
CheckSymbolExists.c:(.text+0x12): undefined reference to `pthread_create'
collect2: error: ld returned 1 exit status
make[1]: Leaving directory `/home/ubuntu/catkin_ws/src/zed-ros-wrapper/build/CMakeFiles/CMakeTmp'
make[1]: *** [cmTryCompileExec3438221970] Error 1
make: *** [cmTryCompileExec3438221970/fast] Error 2

File /home/ubuntu/catkin_ws/src/zed-ros-wrapper/build/CMakeFiles/CMakeTmp/CheckSymbolExists.c:
/* */
#include <pthread.h>

int main(int argc, char** argv)
{
  (void)argv;
#ifndef pthread_create
  return ((int*)(&pthread_create))[argc];
#else
  (void)argc;
  return 0;
#endif
}

Determining if the function pthread_create exists in the pthreads failed with the following output:
Change Dir: /home/ubuntu/catkin_ws/src/zed-ros-wrapper/build/CMakeFiles/CMakeTmp

Run Build Command:/usr/bin/make "cmTryCompileExec1982503282/fast"
/usr/bin/make -f CMakeFiles/cmTryCompileExec1982503282.dir/build.make CMakeFiles/cmTryCompileExec1982503282.dir/build
make[1]: Entering directory `/home/ubuntu/catkin_ws/src/zed-ros-wrapper/build/CMakeFiles/CMakeTmp'
make[1]: Warning: File `/usr/share/cmake-2.8/Modules/CheckFunctionExists.c' has modification time 1.4e+09 s in the future
/usr/bin/cmake -E cmake_progress_report /home/ubuntu/catkin_ws/src/zed-ros-wrapper/build/CMakeFiles/CMakeTmp/CMakeFiles 1
Building C object CMakeFiles/cmTryCompileExec1982503282.dir/CheckFunctionExists.c.o
/usr/bin/cc   -DCHECK_FUNCTION_EXISTS=pthread_create   -o CMakeFiles/cmTryCompileExec1982503282.dir/CheckFunctionExists.c.o   -c /usr/share/cmake-2.8/Modules/CheckFunctionExists.c
Linking C executable cmTryCompileExec1982503282
/usr/bin/cmake -E cmake_link_script CMakeFiles/cmTryCompileExec1982503282.dir/link.txt --verbose=1
/usr/bin/cc    -DCHECK_FUNCTION_EXISTS=pthread_create    CMakeFiles/cmTryCompileExec1982503282.dir/CheckFunctionExists.c.o  -o cmTryCompileExec1982503282 -rdynamic -lpthreads 
/usr/bin/ld: cannot find -lpthreads
collect2: error: ld returned 1 exit status
make[1]: Leaving directory `/home/ubuntu/catkin_ws/src/zed-ros-wrapper/build/CMakeFiles/CMakeTmp'
make[1]: *** [cmTryCompileExec1982503282] Error 1
make: *** [cmTryCompileExec1982503282/fast] Error 2


