Determining if the pthread_create exist failed with the following output:
Change Dir: /home/ubuntu/catkin_ws/src/zed-ros-wrapper/CMakeFiles/CMakeTmp

Run Build Command:/usr/bin/make "cmTryCompileExec3049050765/fast"
/usr/bin/make -f CMakeFiles/cmTryCompileExec3049050765.dir/build.make CMakeFiles/cmTryCompileExec3049050765.dir/build
make[1]: Entering directory `/home/ubuntu/catkin_ws/src/zed-ros-wrapper/CMakeFiles/CMakeTmp'
/usr/bin/cmake -E cmake_progress_report /home/ubuntu/catkin_ws/src/zed-ros-wrapper/CMakeFiles/CMakeTmp/CMakeFiles 1
Building C object CMakeFiles/cmTryCompileExec3049050765.dir/CheckSymbolExists.c.o
/usr/bin/cc    -o CMakeFiles/cmTryCompileExec3049050765.dir/CheckSymbolExists.c.o   -c /home/ubuntu/catkin_ws/src/zed-ros-wrapper/CMakeFiles/CMakeTmp/CheckSymbolExists.c
Linking C executable cmTryCompileExec3049050765
/usr/bin/cmake -E cmake_link_script CMakeFiles/cmTryCompileExec3049050765.dir/link.txt --verbose=1
/usr/bin/cc        CMakeFiles/cmTryCompileExec3049050765.dir/CheckSymbolExists.c.o  -o cmTryCompileExec3049050765 -rdynamic 
CMakeFiles/cmTryCompileExec3049050765.dir/CheckSymbolExists.c.o: In function `main':
CheckSymbolExists.c:(.text+0xe): undefined reference to `pthread_create'
CheckSymbolExists.c:(.text+0x12): undefined reference to `pthread_create'
collect2: error: ld returned 1 exit status
make[1]: Leaving directory `/home/ubuntu/catkin_ws/src/zed-ros-wrapper/CMakeFiles/CMakeTmp'
make[1]: *** [cmTryCompileExec3049050765] Error 1
make: *** [cmTryCompileExec3049050765/fast] Error 2

File /home/ubuntu/catkin_ws/src/zed-ros-wrapper/CMakeFiles/CMakeTmp/CheckSymbolExists.c:
/* */
#include <pthread.h>

int main(int argc, char** argv)
{
  (void)argv;
#ifndef pthread_create
  return ((int*)(&pthread_create))[argc];
#else
  (void)argc;
  return 0;
#endif
}

Determining if the function pthread_create exists in the pthreads failed with the following output:
Change Dir: /home/ubuntu/catkin_ws/src/zed-ros-wrapper/CMakeFiles/CMakeTmp

Run Build Command:/usr/bin/make "cmTryCompileExec2804611850/fast"
/usr/bin/make -f CMakeFiles/cmTryCompileExec2804611850.dir/build.make CMakeFiles/cmTryCompileExec2804611850.dir/build
make[1]: Entering directory `/home/ubuntu/catkin_ws/src/zed-ros-wrapper/CMakeFiles/CMakeTmp'
/usr/bin/cmake -E cmake_progress_report /home/ubuntu/catkin_ws/src/zed-ros-wrapper/CMakeFiles/CMakeTmp/CMakeFiles 1
make[1]: Warning: File `/usr/share/cmake-2.8/Modules/CheckFunctionExists.c' has modification time 1.4e+09 s in the future
Building C object CMakeFiles/cmTryCompileExec2804611850.dir/CheckFunctionExists.c.o
/usr/bin/cc   -DCHECK_FUNCTION_EXISTS=pthread_create   -o CMakeFiles/cmTryCompileExec2804611850.dir/CheckFunctionExists.c.o   -c /usr/share/cmake-2.8/Modules/CheckFunctionExists.c
Linking C executable cmTryCompileExec2804611850
/usr/bin/cmake -E cmake_link_script CMakeFiles/cmTryCompileExec2804611850.dir/link.txt --verbose=1
/usr/bin/cc    -DCHECK_FUNCTION_EXISTS=pthread_create    CMakeFiles/cmTryCompileExec2804611850.dir/CheckFunctionExists.c.o  -o cmTryCompileExec2804611850 -rdynamic -lpthreads 
/usr/bin/ld: cannot find -lpthreads
collect2: error: ld returned 1 exit status
make[1]: Leaving directory `/home/ubuntu/catkin_ws/src/zed-ros-wrapper/CMakeFiles/CMakeTmp'
make[1]: *** [cmTryCompileExec2804611850] Error 1
make: *** [cmTryCompileExec2804611850/fast] Error 2


