Determining if the pthread_create exist failed with the following output:
Change Dir: /home/ubuntu/catkin_ws/src/color_tracking/color_tracking/CMakeFiles/CMakeTmp

Run Build Command:/usr/bin/make "cmTryCompileExec888749673/fast"
/usr/bin/make -f CMakeFiles/cmTryCompileExec888749673.dir/build.make CMakeFiles/cmTryCompileExec888749673.dir/build
make[1]: Entering directory `/home/ubuntu/catkin_ws/src/color_tracking/color_tracking/CMakeFiles/CMakeTmp'
/usr/bin/cmake -E cmake_progress_report /home/ubuntu/catkin_ws/src/color_tracking/color_tracking/CMakeFiles/CMakeTmp/CMakeFiles 1
Building C object CMakeFiles/cmTryCompileExec888749673.dir/CheckSymbolExists.c.o
/usr/bin/cc    -o CMakeFiles/cmTryCompileExec888749673.dir/CheckSymbolExists.c.o   -c /home/ubuntu/catkin_ws/src/color_tracking/color_tracking/CMakeFiles/CMakeTmp/CheckSymbolExists.c
Linking C executable cmTryCompileExec888749673
/usr/bin/cmake -E cmake_link_script CMakeFiles/cmTryCompileExec888749673.dir/link.txt --verbose=1
/usr/bin/cc       CMakeFiles/cmTryCompileExec888749673.dir/CheckSymbolExists.c.o  -o cmTryCompileExec888749673 -rdynamic 
CMakeFiles/cmTryCompileExec888749673.dir/CheckSymbolExists.c.o: In function `main':
CheckSymbolExists.c:(.text+0xe): undefined reference to `pthread_create'
CheckSymbolExists.c:(.text+0x12): undefined reference to `pthread_create'
collect2: error: ld returned 1 exit status
make[1]: Leaving directory `/home/ubuntu/catkin_ws/src/color_tracking/color_tracking/CMakeFiles/CMakeTmp'
make[1]: *** [cmTryCompileExec888749673] Error 1
make: *** [cmTryCompileExec888749673/fast] Error 2

File /home/ubuntu/catkin_ws/src/color_tracking/color_tracking/CMakeFiles/CMakeTmp/CheckSymbolExists.c:
/* */
#include <pthread.h>

int main(int argc, char** argv)
{
  (void)argv;
#ifndef pthread_create
  return ((int*)(&pthread_create))[argc];
#else
  (void)argc;
  return 0;
#endif
}

Determining if the function pthread_create exists in the pthreads failed with the following output:
Change Dir: /home/ubuntu/catkin_ws/src/color_tracking/color_tracking/CMakeFiles/CMakeTmp

Run Build Command:/usr/bin/make "cmTryCompileExec1086611882/fast"
/usr/bin/make -f CMakeFiles/cmTryCompileExec1086611882.dir/build.make CMakeFiles/cmTryCompileExec1086611882.dir/build
make[1]: Entering directory `/home/ubuntu/catkin_ws/src/color_tracking/color_tracking/CMakeFiles/CMakeTmp'
make[1]: Warning: File `/usr/share/cmake-2.8/Modules/CheckFunctionExists.c' has modification time 1.4e+09 s in the future
/usr/bin/cmake -E cmake_progress_report /home/ubuntu/catkin_ws/src/color_tracking/color_tracking/CMakeFiles/CMakeTmp/CMakeFiles 1
Building C object CMakeFiles/cmTryCompileExec1086611882.dir/CheckFunctionExists.c.o
/usr/bin/cc   -DCHECK_FUNCTION_EXISTS=pthread_create   -o CMakeFiles/cmTryCompileExec1086611882.dir/CheckFunctionExists.c.o   -c /usr/share/cmake-2.8/Modules/CheckFunctionExists.c
Linking C executable cmTryCompileExec1086611882
/usr/bin/cmake -E cmake_link_script CMakeFiles/cmTryCompileExec1086611882.dir/link.txt --verbose=1
/usr/bin/cc   -DCHECK_FUNCTION_EXISTS=pthread_create    CMakeFiles/cmTryCompileExec1086611882.dir/CheckFunctionExists.c.o  -o cmTryCompileExec1086611882 -rdynamic -lpthreads 
/usr/bin/ld: cannot find -lpthreads
collect2: error: ld returned 1 exit status
make[1]: *** [cmTryCompileExec1086611882] Error 1
make[1]: Leaving directory `/home/ubuntu/catkin_ws/src/color_tracking/color_tracking/CMakeFiles/CMakeTmp'
make: *** [cmTryCompileExec1086611882/fast] Error 2


